# JRE version: Java(TM) SE Runtime Environment (8.0_60-b27) (build 1.8.0_60-b27)
# Java VM: Java HotSpot(TM) 64-Bit Server VM (25.60-b23 mixed mode windows-amd64 compressed oops)
Heap:
 PSYoungGen      total 556032K, used 42899K [0x00000000d5a00000, 0x00000000f8480000, 0x0000000100000000)
  eden space 544256K, 7% used [0x00000000d5a00000,0x00000000d83e4cf8,0x00000000f6d80000)
  from space 11776K, 0% used [0x00000000f7900000,0x00000000f7900000,0x00000000f8480000)
  to   space 11776K, 0% used [0x00000000f6d80000,0x00000000f6d80000,0x00000000f7900000)
 ParOldGen       total 108032K, used 38364K [0x0000000080e00000, 0x0000000087780000, 0x00000000d5a00000)
  object space 108032K, 35% used [0x0000000080e00000,0x0000000083377078,0x0000000087780000)
 Metaspace       used 24885K, capacity 25442K, committed 25600K, reserved 1071104K
  class space    used 2780K, capacity 2952K, committed 3072K, reserved 1048576K
GC Heap History (10 events):
Event: 8.968 GC heap before
{Heap before GC invocations=14 (full 0):
 PSYoungGen      total 351744K, used 341184K [0x00000000d5a00000, 0x00000000f8480000, 0x0000000100000000)
  eden space 339968K, 100% used [0x00000000d5a00000,0x00000000ea600000,0x00000000ea600000)
  from space 11776K, 10% used [0x00000000ea600000,0x00000000ea730000,0x00000000eb180000)
  to   space 11776K, 0% used [0x00000000f7900000,0x00000000f7900000,0x00000000f8480000)
 ParOldGen       total 87552K, used 20448K [0x0000000080e00000, 0x0000000086380000, 0x00000000d5a00000)
  object space 87552K, 23% used [0x0000000080e00000,0x00000000821f8298,0x0000000086380000)
 Metaspace       used 16342K, capacity 16662K, committed 17024K, reserved 1064960K
  class space    used 1935K, capacity 2053K, committed 2176K, reserved 1048576K
Event: 8.969 GC heap after
Heap after GC invocations=14 (full 0):
 PSYoungGen      total 556032K, used 816K [0x00000000d5a00000, 0x00000000f8480000, 0x0000000100000000)
  eden space 544256K, 0% used [0x00000000d5a00000,0x00000000d5a00000,0x00000000f6d80000)
  from space 11776K, 6% used [0x00000000f7900000,0x00000000f79cc200,0x00000000f8480000)
  to   space 11776K, 0% used [0x00000000f6d80000,0x00000000f6d80000,0x00000000f7900000)
 ParOldGen       total 87552K, used 21544K [0x0000000080e00000, 0x0000000086380000, 0x00000000d5a00000)
  object space 87552K, 24% used [0x0000000080e00000,0x000000008230a298,0x0000000086380000)
 Metaspace       used 16342K, capacity 16662K, committed 17024K, reserved 1064960K
  class space    used 1935K, capacity 2053K, committed 2176K, reserved 1048576K
}
Event: 23.446 GC heap before
{Heap before GC invocations=15 (full 0):
 PSYoungGen      total 556032K, used 425755K [0x00000000d5a00000, 0x00000000f8480000, 0x0000000100000000)
  eden space 544256K, 78% used [0x00000000d5a00000,0x00000000ef8fab78,0x00000000f6d80000)
  from space 11776K, 6% used [0x00000000f7900000,0x00000000f79cc200,0x00000000f8480000)
  to   space 11776K, 0% used [0x00000000f6d80000,0x00000000f6d80000,0x00000000f7900000)
 ParOldGen       total 87552K, used 21544K [0x0000000080e00000, 0x0000000086380000, 0x00000000d5a00000)
  object space 87552K, 24% used [0x0000000080e00000,0x000000008230a298,0x0000000086380000)
 Metaspace       used 20746K, capacity 21178K, committed 21296K, reserved 1069056K
  class space    used 2491K, capacity 2645K, committed 2688K, reserved 1048576K
Event: 23.453 GC heap after
Heap after GC invocations=15 (full 0):
 PSYoungGen      total 556032K, used 6965K [0x00000000d5a00000, 0x00000000f8480000, 0x0000000100000000)
  eden space 544256K, 0% used [0x00000000d5a00000,0x00000000d5a00000,0x00000000f6d80000)
  from space 11776K, 59% used [0x00000000f6d80000,0x00000000f744d4d8,0x00000000f7900000)
  to   space 11776K, 0% used [0x00000000f7900000,0x00000000f7900000,0x00000000f8480000)
 ParOldGen       total 87552K, used 22232K [0x0000000080e00000, 0x0000000086380000, 0x00000000d5a00000)
  object space 87552K, 25% used [0x0000000080e00000,0x00000000823b6198,0x0000000086380000)
 Metaspace       used 20746K, capacity 21178K, committed 21296K, reserved 1069056K
  class space    used 2491K, capacity 2645K, committed 2688K, reserved 1048576K
}
Event: 23.453 GC heap before
{Heap before GC invocations=16 (full 1):
 PSYoungGen      total 556032K, used 6965K [0x00000000d5a00000, 0x00000000f8480000, 0x0000000100000000)
  eden space 544256K, 0% used [0x00000000d5a00000,0x00000000d5a00000,0x00000000f6d80000)
  from space 11776K, 59% used [0x00000000f6d80000,0x00000000f744d4d8,0x00000000f7900000)
  to   space 11776K, 0% used [0x00000000f7900000,0x00000000f7900000,0x00000000f8480000)
 ParOldGen       total 87552K, used 22232K [0x0000000080e00000, 0x0000000086380000, 0x00000000d5a00000)
  object space 87552K, 25% used [0x0000000080e00000,0x00000000823b6198,0x0000000086380000)
 Metaspace       used 20746K, capacity 21178K, committed 21296K, reserved 1069056K
  class space    used 2491K, capacity 2645K, committed 2688K, reserved 1048576K
Event: 23.516 GC heap after
Heap after GC invocations=16 (full 1):
 PSYoungGen      total 556032K, used 0K [0x00000000d5a00000, 0x00000000f8480000, 0x0000000100000000)
  eden space 544256K, 0% used [0x00000000d5a00000,0x00000000d5a00000,0x00000000f6d80000)
  from space 11776K, 0% used [0x00000000f6d80000,0x00000000f6d80000,0x00000000f7900000)
  to   space 11776K, 0% used [0x00000000f7900000,0x00000000f7900000,0x00000000f8480000)
 ParOldGen       total 66560K, used 24077K [0x0000000080e00000, 0x0000000084f00000, 0x00000000d5a00000)
  object space 66560K, 36% used [0x0000000080e00000,0x0000000082583400,0x0000000084f00000)
 Metaspace       used 20746K, capacity 21178K, committed 21296K, reserved 1069056K
  class space    used 2491K, capacity 2645K, committed 2688K, reserved 1048576K
}
Event: 32.495 GC heap before
{Heap before GC invocations=17 (full 1):
 PSYoungGen      total 556032K, used 544256K [0x00000000d5a00000, 0x00000000f8480000, 0x0000000100000000)
  eden space 544256K, 100% used [0x00000000d5a00000,0x00000000f6d80000,0x00000000f6d80000)
  from space 11776K, 0% used [0x00000000f6d80000,0x00000000f6d80000,0x00000000f7900000)
  to   space 11776K, 0% used [0x00000000f7900000,0x00000000f7900000,0x00000000f8480000)
 ParOldGen       total 66560K, used 24077K [0x0000000080e00000, 0x0000000084f00000, 0x00000000d5a00000)
  object space 66560K, 36% used [0x0000000080e00000,0x0000000082583400,0x0000000084f00000)
 Metaspace       used 24875K, capacity 25442K, committed 25600K, reserved 1071104K
  class space    used 2780K, capacity 2952K, committed 3072K, reserved 1048576K
Event: 32.550 GC heap after
Heap after GC invocations=17 (full 1):
 PSYoungGen      total 556032K, used 11760K [0x00000000d5a00000, 0x00000000f8480000, 0x0000000100000000)
  eden space 544256K, 0% used [0x00000000d5a00000,0x00000000d5a00000,0x00000000f6d80000)
  from space 11776K, 99% used [0x00000000f7900000,0x00000000f847c388,0x00000000f8480000)
  to   space 11776K, 0% used [0x00000000f6d80000,0x00000000f6d80000,0x00000000f7900000)
 ParOldGen       total 69632K, used 69370K [0x0000000080e00000, 0x0000000085200000, 0x00000000d5a00000)
  object space 69632K, 99% used [0x0000000080e00000,0x00000000851be800,0x0000000085200000)
 Metaspace       used 24875K, capacity 25442K, committed 25600K, reserved 1071104K
  class space    used 2780K, capacity 2952K, committed 3072K, reserved 1048576K
}
Event: 32.550 GC heap before
{Heap before GC invocations=18 (full 2):
 PSYoungGen      total 556032K, used 11760K [0x00000000d5a00000, 0x00000000f8480000, 0x0000000100000000)
  eden space 544256K, 0% used [0x00000000d5a00000,0x00000000d5a00000,0x00000000f6d80000)
  from space 11776K, 99% used [0x00000000f7900000,0x00000000f847c388,0x00000000f8480000)
  to   space 11776K, 0% used [0x00000000f6d80000,0x00000000f6d80000,0x00000000f7900000)
 ParOldGen       total 69632K, used 69370K [0x0000000080e00000, 0x0000000085200000, 0x00000000d5a00000)
  object space 69632K, 99% used [0x0000000080e00000,0x00000000851be800,0x0000000085200000)
 Metaspace       used 24875K, capacity 25442K, committed 25600K, reserved 1071104K
  class space    used 2780K, capacity 2952K, committed 3072K, reserved 1048576K
Event: 32.620 GC heap after
Heap after GC invocations=18 (full 2):
 PSYoungGen      total 556032K, used 0K [0x00000000d5a00000, 0x00000000f8480000, 0x0000000100000000)
  eden space 544256K, 0% used [0x00000000d5a00000,0x00000000d5a00000,0x00000000f6d80000)
  from space 11776K, 0% used [0x00000000f7900000,0x00000000f7900000,0x00000000f8480000)
  to   space 11776K, 0% used [0x00000000f6d80000,0x00000000f6d80000,0x00000000f7900000)
 ParOldGen       total 108032K, used 38364K [0x0000000080e00000, 0x0000000087780000, 0x00000000d5a00000)
  object space 108032K, 35% used [0x0000000080e00000,0x0000000083377078,0x0000000087780000)
 Metaspace       used 24875K, capacity 25442K, committed 25600K, reserved 1071104K
  class space    used 2780K, capacity 2952K, committed 3072K, reserved 1048576K
}

