# JRE version: Java(TM) SE Runtime Environment (8.0_60-b27) (build 1.8.0_60-b27)
# Java VM: Java HotSpot(TM) 64-Bit Server VM (25.60-b23 mixed mode windows-amd64 compressed oops)
Heap:
 PSYoungGen      total 544256K, used 1110K [0x00000000d5a00000, 0x00000000fff80000, 0x0000000100000000)
  eden space 532480K, 0% used [0x00000000d5a00000,0x00000000d5a00000,0x00000000f6200000)
  from space 11776K, 9% used [0x00000000f6200000,0x00000000f6315b68,0x00000000f6d80000)
  to   space 11776K, 0% used [0x00000000f6d80000,0x00000000f6d80000,0x00000000f7900000)
 ParOldGen       total 87552K, used 24317K [0x0000000080e00000, 0x0000000086380000, 0x00000000d5a00000)
  object space 87552K, 27% used [0x0000000080e00000,0x00000000825bf5c8,0x0000000086380000)
 Metaspace       used 17081K, capacity 17464K, committed 17536K, reserved 1069056K
  class space    used 1983K, capacity 2127K, committed 2176K, reserved 1048576K
GC Heap History (10 events):
Event: 5.889 GC heap before
{Heap before GC invocations=6 (full 0):
 PSYoungGen      total 138240K, used 138232K [0x00000000d5a00000, 0x00000000e7600000, 0x0000000100000000)
  eden space 133120K, 100% used [0x00000000d5a00000,0x00000000ddc00000,0x00000000ddc00000)
  from space 5120K, 99% used [0x00000000ddc00000,0x00000000de0fe010,0x00000000de100000)
  to   space 12288K, 0% used [0x00000000e6a00000,0x00000000e6a00000,0x00000000e7600000)
 ParOldGen       total 87552K, used 14035K [0x0000000080e00000, 0x0000000086380000, 0x00000000d5a00000)
  object space 87552K, 16% used [0x0000000080e00000,0x0000000081bb4e58,0x0000000086380000)
 Metaspace       used 16351K, capacity 16726K, committed 17024K, reserved 1064960K
  class space    used 1935K, capacity 2053K, committed 2176K, reserved 1048576K
Event: 5.896 GC heap after
Heap after GC invocations=6 (full 0):
 PSYoungGen      total 277504K, used 5368K [0x00000000d5a00000, 0x00000000e7500000, 0x0000000100000000)
  eden space 266240K, 0% used [0x00000000d5a00000,0x00000000d5a00000,0x00000000e5e00000)
  from space 11264K, 47% used [0x00000000e6a00000,0x00000000e6f3e010,0x00000000e7500000)
  to   space 11776K, 0% used [0x00000000e5e00000,0x00000000e5e00000,0x00000000e6980000)
 ParOldGen       total 87552K, used 14043K [0x0000000080e00000, 0x0000000086380000, 0x00000000d5a00000)
  object space 87552K, 16% used [0x0000000080e00000,0x0000000081bb6e58,0x0000000086380000)
 Metaspace       used 16351K, capacity 16726K, committed 17024K, reserved 1064960K
  class space    used 1935K, capacity 2053K, committed 2176K, reserved 1048576K
}
Event: 6.181 GC heap before
{Heap before GC invocations=7 (full 0):
 PSYoungGen      total 277504K, used 271608K [0x00000000d5a00000, 0x00000000e7500000, 0x0000000100000000)
  eden space 266240K, 100% used [0x00000000d5a00000,0x00000000e5e00000,0x00000000e5e00000)
  from space 11264K, 47% used [0x00000000e6a00000,0x00000000e6f3e010,0x00000000e7500000)
  to   space 11776K, 0% used [0x00000000e5e00000,0x00000000e5e00000,0x00000000e6980000)
 ParOldGen       total 87552K, used 14043K [0x0000000080e00000, 0x0000000086380000, 0x00000000d5a00000)
  object space 87552K, 16% used [0x0000000080e00000,0x0000000081bb6e58,0x0000000086380000)
 Metaspace       used 16352K, capacity 16726K, committed 17024K, reserved 1064960K
  class space    used 1935K, capacity 2053K, committed 2176K, reserved 1048576K
Event: 6.200 GC heap after
Heap after GC invocations=7 (full 0):
 PSYoungGen      total 278016K, used 4896K [0x00000000d5a00000, 0x00000000f7900000, 0x0000000100000000)
  eden space 266240K, 0% used [0x00000000d5a00000,0x00000000d5a00000,0x00000000e5e00000)
  from space 11776K, 41% used [0x00000000e5e00000,0x00000000e62c8040,0x00000000e6980000)
  to   space 11776K, 0% used [0x00000000f6d80000,0x00000000f6d80000,0x00000000f7900000)
 ParOldGen       total 87552K, used 15595K [0x0000000080e00000, 0x0000000086380000, 0x00000000d5a00000)
  object space 87552K, 17% used [0x0000000080e00000,0x0000000081d3ae78,0x0000000086380000)
 Metaspace       used 16352K, capacity 16726K, committed 17024K, reserved 1064960K
  class space    used 1935K, capacity 2053K, committed 2176K, reserved 1048576K
}
Event: 6.440 GC heap before
{Heap before GC invocations=8 (full 0):
 PSYoungGen      total 278016K, used 271136K [0x00000000d5a00000, 0x00000000f7900000, 0x0000000100000000)
  eden space 266240K, 100% used [0x00000000d5a00000,0x00000000e5e00000,0x00000000e5e00000)
  from space 11776K, 41% used [0x00000000e5e00000,0x00000000e62c8040,0x00000000e6980000)
  to   space 11776K, 0% used [0x00000000f6d80000,0x00000000f6d80000,0x00000000f7900000)
 ParOldGen       total 87552K, used 15595K [0x0000000080e00000, 0x0000000086380000, 0x00000000d5a00000)
  object space 87552K, 17% used [0x0000000080e00000,0x0000000081d3ae78,0x0000000086380000)
 Metaspace       used 16352K, capacity 16726K, committed 17024K, reserved 1064960K
  class space    used 1935K, capacity 2053K, committed 2176K, reserved 1048576K
Event: 6.453 GC heap after
Heap after GC invocations=8 (full 0):
 PSYoungGen      total 543744K, used 3392K [0x00000000d5a00000, 0x00000000f7a00000, 0x0000000100000000)
  eden space 531968K, 0% used [0x00000000d5a00000,0x00000000d5a00000,0x00000000f6180000)
  from space 11776K, 28% used [0x00000000f6d80000,0x00000000f70d0030,0x00000000f7900000)
  to   space 12288K, 0% used [0x00000000f6180000,0x00000000f6180000,0x00000000f6d80000)
 ParOldGen       total 87552K, used 17965K [0x0000000080e00000, 0x0000000086380000, 0x00000000d5a00000)
  object space 87552K, 20% used [0x0000000080e00000,0x0000000081f8b6b8,0x0000000086380000)
 Metaspace       used 16352K, capacity 16726K, committed 17024K, reserved 1064960K
  class space    used 1935K, capacity 2053K, committed 2176K, reserved 1048576K
}
Event: 7.148 GC heap before
{Heap before GC invocations=9 (full 0):
 PSYoungGen      total 543744K, used 535360K [0x00000000d5a00000, 0x00000000f7a00000, 0x0000000100000000)
  eden space 531968K, 100% used [0x00000000d5a00000,0x00000000f6180000,0x00000000f6180000)
  from space 11776K, 28% used [0x00000000f6d80000,0x00000000f70d0030,0x00000000f7900000)
  to   space 12288K, 0% used [0x00000000f6180000,0x00000000f6180000,0x00000000f6d80000)
 ParOldGen       total 87552K, used 17965K [0x0000000080e00000, 0x0000000086380000, 0x00000000d5a00000)
  object space 87552K, 20% used [0x0000000080e00000,0x0000000081f8b6b8,0x0000000086380000)
 Metaspace       used 16352K, capacity 16726K, committed 17024K, reserved 1064960K
  class space    used 1935K, capacity 2053K, committed 2176K, reserved 1048576K
Event: 7.151 GC heap after
Heap after GC invocations=9 (full 0):
 PSYoungGen      total 544256K, used 3712K [0x00000000d5a00000, 0x00000000f7a00000, 0x0000000100000000)
  eden space 531968K, 0% used [0x00000000d5a00000,0x00000000d5a00000,0x00000000f6180000)
  from space 12288K, 30% used [0x00000000f6180000,0x00000000f6520220,0x00000000f6d80000)
  to   space 11776K, 0% used [0x00000000f6d80000,0x00000000f6d80000,0x00000000f7900000)
 ParOldGen       total 87552K, used 19357K [0x0000000080e00000, 0x0000000086380000, 0x00000000d5a00000)
  object space 87552K, 22% used [0x0000000080e00000,0x00000000820e76b8,0x0000000086380000)
 Metaspace       used 16352K, capacity 16726K, committed 17024K, reserved 1064960K
  class space    used 1935K, capacity 2053K, committed 2176K, reserved 1048576K
}
Event: 11.743 GC heap before
{Heap before GC invocations=10 (full 0):
 PSYoungGen      total 544256K, used 535680K [0x00000000d5a00000, 0x00000000f7a00000, 0x0000000100000000)
  eden space 531968K, 100% used [0x00000000d5a00000,0x00000000f6180000,0x00000000f6180000)
  from space 12288K, 30% used [0x00000000f6180000,0x00000000f6520220,0x00000000f6d80000)
  to   space 11776K, 0% used [0x00000000f6d80000,0x00000000f6d80000,0x00000000f7900000)
 ParOldGen       total 87552K, used 19357K [0x0000000080e00000, 0x0000000086380000, 0x00000000d5a00000)
  object space 87552K, 22% used [0x0000000080e00000,0x00000000820e76b8,0x0000000086380000)
 Metaspace       used 16573K, capacity 16966K, committed 17280K, reserved 1064960K
  class space    used 1945K, capacity 2093K, committed 2176K, reserved 1048576K
Event: 11.760 GC heap after
Heap after GC invocations=10 (full 0):
 PSYoungGen      total 544256K, used 3289K [0x00000000d5a00000, 0x00000000fff80000, 0x0000000100000000)
  eden space 532480K, 0% used [0x00000000d5a00000,0x00000000d5a00000,0x00000000f6200000)
  from space 11776K, 27% used [0x00000000f6d80000,0x00000000f70b6660,0x00000000f7900000)
  to   space 11776K, 0% used [0x00000000f6200000,0x00000000f6200000,0x00000000f6d80000)
 ParOldGen       total 87552K, used 21293K [0x0000000080e00000, 0x0000000086380000, 0x00000000d5a00000)
  object space 87552K, 24% used [0x0000000080e00000,0x00000000822cb6c8,0x0000000086380000)
 Metaspace       used 16573K, capacity 16966K, committed 17280K, reserved 1064960K
  class space    used 1945K, capacity 2093K, committed 2176K, reserved 1048576K
}

