# JRE version: Java(TM) SE Runtime Environment (8.0_60-b27) (build 1.8.0_60-b27)
# Java VM: Java HotSpot(TM) 64-Bit Server VM (25.60-b23 mixed mode windows-amd64 compressed oops)
Heap:
 PSYoungGen      total 398336K, used 149510K [0x00000000d5a00000, 0x00000000fad00000, 0x0000000100000000)
  eden space 364032K, 39% used [0x00000000d5a00000,0x00000000de6bd700,0x00000000ebd80000)
  from space 34304K, 15% used [0x00000000ebd80000,0x00000000ec2c41f8,0x00000000edf00000)
  to   space 48640K, 0% used [0x00000000f7d80000,0x00000000f7d80000,0x00000000fad00000)
 ParOldGen       total 71168K, used 70990K [0x0000000080e00000, 0x0000000085380000, 0x00000000d5a00000)
  object space 71168K, 99% used [0x0000000080e00000,0x0000000085353b28,0x0000000085380000)
 Metaspace       used 32890K, capacity 33368K, committed 33712K, reserved 1079296K
  class space    used 3819K, capacity 3988K, committed 4016K, reserved 1048576K
GC Heap History (10 events):
Event: 26.358 GC heap before
{Heap before GC invocations=13 (full 1):
 PSYoungGen      total 201728K, used 198181K [0x00000000d5a00000, 0x00000000e7980000, 0x0000000100000000)
  eden space 184832K, 100% used [0x00000000d5a00000,0x00000000e0e80000,0x00000000e0e80000)
  from space 16896K, 79% used [0x00000000e0e80000,0x00000000e1b89470,0x00000000e1f00000)
  to   space 17408K, 0% used [0x00000000e6880000,0x00000000e6880000,0x00000000e7980000)
 ParOldGen       total 66048K, used 25531K [0x0000000080e00000, 0x0000000084e80000, 0x00000000d5a00000)
  object space 66048K, 38% used [0x0000000080e00000,0x00000000826eedc0,0x0000000084e80000)
 Metaspace       used 25180K, capacity 25624K, committed 25904K, reserved 1073152K
  class space    used 2873K, capacity 3044K, committed 3120K, reserved 1048576K
Event: 26.371 GC heap after
Heap after GC invocations=13 (full 1):
 PSYoungGen      total 272896K, used 17396K [0x00000000d5a00000, 0x00000000e7e80000, 0x0000000100000000)
  eden space 255488K, 0% used [0x00000000d5a00000,0x00000000d5a00000,0x00000000e5380000)
  from space 17408K, 99% used [0x00000000e6880000,0x00000000e797d318,0x00000000e7980000)
  to   space 21504K, 0% used [0x00000000e5380000,0x00000000e5380000,0x00000000e6880000)
 ParOldGen       total 66048K, used 31159K [0x0000000080e00000, 0x0000000084e80000, 0x00000000d5a00000)
  object space 66048K, 47% used [0x0000000080e00000,0x0000000082c6dc00,0x0000000084e80000)
 Metaspace       used 25180K, capacity 25624K, committed 25904K, reserved 1073152K
  class space    used 2873K, capacity 3044K, committed 3120K, reserved 1048576K
}
Event: 27.824 GC heap before
{Heap before GC invocations=14 (full 1):
 PSYoungGen      total 272896K, used 272884K [0x00000000d5a00000, 0x00000000e7e80000, 0x0000000100000000)
  eden space 255488K, 100% used [0x00000000d5a00000,0x00000000e5380000,0x00000000e5380000)
  from space 17408K, 99% used [0x00000000e6880000,0x00000000e797d318,0x00000000e7980000)
  to   space 21504K, 0% used [0x00000000e5380000,0x00000000e5380000,0x00000000e6880000)
 ParOldGen       total 66048K, used 31159K [0x0000000080e00000, 0x0000000084e80000, 0x00000000d5a00000)
  object space 66048K, 47% used [0x0000000080e00000,0x0000000082c6dc00,0x0000000084e80000)
 Metaspace       used 25188K, capacity 25624K, committed 25904K, reserved 1073152K
  class space    used 2873K, capacity 3044K, committed 3120K, reserved 1048576K
Event: 27.870 GC heap after
Heap after GC invocations=14 (full 1):
 PSYoungGen      total 276992K, used 21492K [0x00000000d5a00000, 0x00000000efb00000, 0x0000000100000000)
  eden space 255488K, 0% used [0x00000000d5a00000,0x00000000d5a00000,0x00000000e5380000)
  from space 21504K, 99% used [0x00000000e5380000,0x00000000e687d1e8,0x00000000e6880000)
  to   space 28672K, 0% used [0x00000000edf00000,0x00000000edf00000,0x00000000efb00000)
 ParOldGen       total 66048K, used 42450K [0x0000000080e00000, 0x0000000084e80000, 0x00000000d5a00000)
  object space 66048K, 64% used [0x0000000080e00000,0x0000000083774840,0x0000000084e80000)
 Metaspace       used 25188K, capacity 25624K, committed 25904K, reserved 1073152K
  class space    used 2873K, capacity 3044K, committed 3120K, reserved 1048576K
}
Event: 29.957 GC heap before
{Heap before GC invocations=15 (full 1):
 PSYoungGen      total 276992K, used 276980K [0x00000000d5a00000, 0x00000000efb00000, 0x0000000100000000)
  eden space 255488K, 100% used [0x00000000d5a00000,0x00000000e5380000,0x00000000e5380000)
  from space 21504K, 99% used [0x00000000e5380000,0x00000000e687d1e8,0x00000000e6880000)
  to   space 28672K, 0% used [0x00000000edf00000,0x00000000edf00000,0x00000000efb00000)
 ParOldGen       total 66048K, used 42450K [0x0000000080e00000, 0x0000000084e80000, 0x00000000d5a00000)
  object space 66048K, 64% used [0x0000000080e00000,0x0000000083774840,0x0000000084e80000)
 Metaspace       used 25195K, capacity 25624K, committed 25904K, reserved 1073152K
  class space    used 2873K, capacity 3044K, committed 3120K, reserved 1048576K
Event: 29.976 GC heap after
Heap after GC invocations=15 (full 1):
 PSYoungGen      total 392704K, used 28659K [0x00000000d5a00000, 0x00000000f0300000, 0x0000000100000000)
  eden space 364032K, 0% used [0x00000000d5a00000,0x00000000d5a00000,0x00000000ebd80000)
  from space 28672K, 99% used [0x00000000edf00000,0x00000000efafcd50,0x00000000efb00000)
  to   space 34304K, 0% used [0x00000000ebd80000,0x00000000ebd80000,0x00000000edf00000)
 ParOldGen       total 66048K, used 45890K [0x0000000080e00000, 0x0000000084e80000, 0x00000000d5a00000)
  object space 66048K, 69% used [0x0000000080e00000,0x0000000083ad0870,0x0000000084e80000)
 Metaspace       used 25195K, capacity 25624K, committed 25904K, reserved 1073152K
  class space    used 2873K, capacity 3044K, committed 3120K, reserved 1048576K
}
Event: 40.910 GC heap before
{Heap before GC invocations=16 (full 1):
 PSYoungGen      total 392704K, used 392691K [0x00000000d5a00000, 0x00000000f0300000, 0x0000000100000000)
  eden space 364032K, 100% used [0x00000000d5a00000,0x00000000ebd80000,0x00000000ebd80000)
  from space 28672K, 99% used [0x00000000edf00000,0x00000000efafcd50,0x00000000efb00000)
  to   space 34304K, 0% used [0x00000000ebd80000,0x00000000ebd80000,0x00000000edf00000)
 ParOldGen       total 66048K, used 45890K [0x0000000080e00000, 0x0000000084e80000, 0x00000000d5a00000)
  object space 66048K, 69% used [0x0000000080e00000,0x0000000083ad0870,0x0000000084e80000)
 Metaspace       used 29952K, capacity 30424K, committed 30768K, reserved 1077248K
  class space    used 3425K, capacity 3556K, committed 3632K, reserved 1048576K
Event: 40.941 GC heap after
Heap after GC invocations=16 (full 1):
 PSYoungGen      total 398336K, used 34276K [0x00000000d5a00000, 0x00000000fad00000, 0x0000000100000000)
  eden space 364032K, 0% used [0x00000000d5a00000,0x00000000d5a00000,0x00000000ebd80000)
  from space 34304K, 99% used [0x00000000ebd80000,0x00000000edef9250,0x00000000edf00000)
  to   space 48640K, 0% used [0x00000000f7d80000,0x00000000f7d80000,0x00000000fad00000)
 ParOldGen       total 71168K, used 70946K [0x0000000080e00000, 0x0000000085380000, 0x00000000d5a00000)
  object space 71168K, 99% used [0x0000000080e00000,0x0000000085348830,0x0000000085380000)
 Metaspace       used 29952K, capacity 30424K, committed 30768K, reserved 1077248K
  class space    used 3425K, capacity 3556K, committed 3632K, reserved 1048576K
}
Event: 40.941 GC heap before
{Heap before GC invocations=17 (full 2):
 PSYoungGen      total 398336K, used 34276K [0x00000000d5a00000, 0x00000000fad00000, 0x0000000100000000)
  eden space 364032K, 0% used [0x00000000d5a00000,0x00000000d5a00000,0x00000000ebd80000)
  from space 34304K, 99% used [0x00000000ebd80000,0x00000000edef9250,0x00000000edf00000)
  to   space 48640K, 0% used [0x00000000f7d80000,0x00000000f7d80000,0x00000000fad00000)
 ParOldGen       total 71168K, used 70946K [0x0000000080e00000, 0x0000000085380000, 0x00000000d5a00000)
  object space 71168K, 99% used [0x0000000080e00000,0x0000000085348830,0x0000000085380000)
 Metaspace       used 29952K, capacity 30424K, committed 30768K, reserved 1077248K
  class space    used 3425K, capacity 3556K, committed 3632K, reserved 1048576K
Event: 41.121 GC heap after
Heap after GC invocations=17 (full 2):
 PSYoungGen      total 398336K, used 5392K [0x00000000d5a00000, 0x00000000fad00000, 0x0000000100000000)
  eden space 364032K, 0% used [0x00000000d5a00000,0x00000000d5a00000,0x00000000ebd80000)
  from space 34304K, 15% used [0x00000000ebd80000,0x00000000ec2c41f8,0x00000000edf00000)
  to   space 48640K, 0% used [0x00000000f7d80000,0x00000000f7d80000,0x00000000fad00000)
 ParOldGen       total 71168K, used 70990K [0x0000000080e00000, 0x0000000085380000, 0x00000000d5a00000)
  object space 71168K, 99% used [0x0000000080e00000,0x0000000085353b28,0x0000000085380000)
 Metaspace       used 29952K, capacity 30424K, committed 30768K, reserved 1077248K
  class space    used 3425K, capacity 3556K, committed 3632K, reserved 1048576K
}

